TypeError: Cannot read property 'username' of undefined
    at /sandbox/server/routes/Routing.js:8:36
    at Layer.handle [as handle_request] (/sandbox/server/node_modules/express/lib/router/layer.js:95:5)
    at next (/sandbox/server/node_modules/express/lib/router/route.js:137:13)
    at Route.dispatch (/sandbox/server/node_modules/express/lib/router/route.js:112:3)
    at Layer.handle [as handle_request] (/sandbox/server/node_modules/express/lib/router/layer.js:95:5)
    at /sandbox/server/node_modules/express/lib/router/index.js:281:22
    at Function.process_params (/sandbox/server/node_modules/express/lib/router/index.js:335:12)
    at next (/sandbox/server/node_modules/express/lib/router/index.js:275:10)
    at Function.handle (/sandbox/server/node_modules/express/lib/router/index.js:174:3)
    at router (/sandbox/server/node_modules/express/lib/router/index.js:47:12)
TypeError: Cannot read property 'username' of undefined
    at /sandbox/server/routes/Routing.js:8:36
    at Layer.handle [as handle_request] (/sandbox/server/node_modules/express/lib/router/layer.js:95:5)
    at next (/sandbox/server/node_modules/express/lib/router/route.js:137:13)
    at Route.dispatch (/sandbox/server/node_modules/express/lib/router/route.js:112:3)
    at Layer.handle [as handle_request] (/sandbox/server/node_modules/express/lib/router/layer.js:95:5)
    at /sandbox/server/node_modules/express/lib/router/index.js:281:22
    at Function.process_params (/sandbox/server/node_modules/express/lib/router/index.js:335:12)
    at next (/sandbox/server/node_modules/express/lib/router/index.js:275:10)
    at Function.handle (/sandbox/server/node_modules/express/lib/router/index.js:174:3)
    at router (/sandbox/server/node_modules/express/lib/router/index.js:47:12)
TypeError: Cannot read property 'username' of undefined
    at /sandbox/server/routes/Routing.js:8:36
    at Layer.handle [as handle_request] (/sandbox/server/node_modules/express/lib/router/layer.js:95:5)
    at next (/sandbox/server/node_modules/express/lib/router/route.js:137:13)
    at Route.dispatch (/sandbox/server/node_modules/express/lib/router/route.js:112:3)
    at Layer.handle [as handle_request] (/sandbox/server/node_modules/express/lib/router/layer.js:95:5)
    at /sandbox/server/node_modules/express/lib/router/index.js:281:22
    at Function.process_params (/sandbox/server/node_modules/express/lib/router/index.js:335:12)
    at next (/sandbox/server/node_modules/express/lib/router/index.js:275:10)
    at Function.handle (/sandbox/server/node_modules/express/lib/router/index.js:174:3)
    at router (/sandbox/server/node_modules/express/lib/router/index.js:47:12)
TypeError: Cannot read property 'username' of undefined
    at /sandbox/server/routes/Routing.js:8:36
    at Layer.handle [as handle_request] (/sandbox/server/node_modules/express/lib/router/layer.js:95:5)
    at next (/sandbox/server/node_modules/express/lib/router/route.js:137:13)
    at Route.dispatch (/sandbox/server/node_modules/express/lib/router/route.js:112:3)
    at Layer.handle [as handle_request] (/sandbox/server/node_modules/express/lib/router/layer.js:95:5)
    at /sandbox/server/node_modules/express/lib/router/index.js:281:22
    at Function.process_params (/sandbox/server/node_modules/express/lib/router/index.js:335:12)
    at next (/sandbox/server/node_modules/express/lib/router/index.js:275:10)
    at Function.handle (/sandbox/server/node_modules/express/lib/router/index.js:174:3)
    at router (/sandbox/server/node_modules/express/lib/router/index.js:47:12)
TypeError: Cannot read property 'username' of undefined
    at /sandbox/server/routes/Routing.js:8:36
    at Layer.handle [as handle_request] (/sandbox/server/node_modules/express/lib/router/layer.js:95:5)
    at next (/sandbox/server/node_modules/express/lib/router/route.js:137:13)
    at Route.dispatch (/sandbox/server/node_modules/express/lib/router/route.js:112:3)
    at Layer.handle [as handle_request] (/sandbox/server/node_modules/express/lib/router/layer.js:95:5)
    at /sandbox/server/node_modules/express/lib/router/index.js:281:22
    at Function.process_params (/sandbox/server/node_modules/express/lib/router/index.js:335:12)
    at next (/sandbox/server/node_modules/express/lib/router/index.js:275:10)
    at Function.handle (/sandbox/server/node_modules/express/lib/router/index.js:174:3)
    at router (/sandbox/server/node_modules/express/lib/router/index.js:47:12)
TypeError: Cannot read property 'username' of undefined
    at /sandbox/server/routes/Routing.js:8:36
    at Layer.handle [as handle_request] (/sandbox/server/node_modules/express/lib/router/layer.js:95:5)
    at next (/sandbox/server/node_modules/express/lib/router/route.js:137:13)
    at Route.dispatch (/sandbox/server/node_modules/express/lib/router/route.js:112:3)
    at Layer.handle [as handle_request] (/sandbox/server/node_modules/express/lib/router/layer.js:95:5)
    at /sandbox/server/node_modules/express/lib/router/index.js:281:22
    at Function.process_params (/sandbox/server/node_modules/express/lib/router/index.js:335:12)
    at next (/sandbox/server/node_modules/express/lib/router/index.js:275:10)
    at Function.handle (/sandbox/server/node_modules/express/lib/router/index.js:174:3)
    at router (/sandbox/server/node_modules/express/lib/router/index.js:47:12)
TypeError: Cannot read property 'username' of undefined
    at /sandbox/server/routes/Routing.js:8:36
    at Layer.handle [as handle_request] (/sandbox/server/node_modules/express/lib/router/layer.js:95:5)
    at next (/sandbox/server/node_modules/express/lib/router/route.js:137:13)
    at Route.dispatch (/sandbox/server/node_modules/express/lib/router/route.js:112:3)
    at Layer.handle [as handle_request] (/sandbox/server/node_modules/express/lib/router/layer.js:95:5)
    at /sandbox/server/node_modules/express/lib/router/index.js:281:22
    at Function.process_params (/sandbox/server/node_modules/express/lib/router/index.js:335:12)
    at next (/sandbox/server/node_modules/express/lib/router/index.js:275:10)
    at Function.handle (/sandbox/server/node_modules/express/lib/router/index.js:174:3)
    at router (/sandbox/server/node_modules/express/lib/router/index.js:47:12)
TypeError: Cannot read property 'username' of undefined
    at /sandbox/server/routes/Routing.js:8:36
    at Layer.handle [as handle_request] (/sandbox/server/node_modules/express/lib/router/layer.js:95:5)
    at next (/sandbox/server/node_modules/express/lib/router/route.js:137:13)
    at Route.dispatch (/sandbox/server/node_modules/express/lib/router/route.js:112:3)
    at Layer.handle [as handle_request] (/sandbox/server/node_modules/express/lib/router/layer.js:95:5)
    at /sandbox/server/node_modules/express/lib/router/index.js:281:22
    at Function.process_params (/sandbox/server/node_modules/express/lib/router/index.js:335:12)
    at next (/sandbox/server/node_modules/express/lib/router/index.js:275:10)
    at Function.handle (/sandbox/server/node_modules/express/lib/router/index.js:174:3)
    at router (/sandbox/server/node_modules/express/lib/router/index.js:47:12)
TypeError: Cannot read property 'username' of undefined
    at /sandbox/server/routes/Routing.js:8:36
    at Layer.handle [as handle_request] (/sandbox/server/node_modules/express/lib/router/layer.js:95:5)
    at next (/sandbox/server/node_modules/express/lib/router/route.js:137:13)
    at Route.dispatch (/sandbox/server/node_modules/express/lib/router/route.js:112:3)
    at Layer.handle [as handle_request] (/sandbox/server/node_modules/express/lib/router/layer.js:95:5)
    at /sandbox/server/node_modules/express/lib/router/index.js:281:22
    at Function.process_params (/sandbox/server/node_modules/express/lib/router/index.js:335:12)
    at next (/sandbox/server/node_modules/express/lib/router/index.js:275:10)
    at Function.handle (/sandbox/server/node_modules/express/lib/router/index.js:174:3)
    at router (/sandbox/server/node_modules/express/lib/router/index.js:47:12)
TypeError: Cannot read property 'username' of undefined
    at /sandbox/server/routes/Routing.js:8:36
    at Layer.handle [as handle_request] (/sandbox/server/node_modules/express/lib/router/layer.js:95:5)
    at next (/sandbox/server/node_modules/express/lib/router/route.js:137:13)
    at Route.dispatch (/sandbox/server/node_modules/express/lib/router/route.js:112:3)
    at Layer.handle [as handle_request] (/sandbox/server/node_modules/express/lib/router/layer.js:95:5)
    at /sandbox/server/node_modules/express/lib/router/index.js:281:22
    at Function.process_params (/sandbox/server/node_modules/express/lib/router/index.js:335:12)
    at next (/sandbox/server/node_modules/express/lib/router/index.js:275:10)
    at Function.handle (/sandbox/server/node_modules/express/lib/router/index.js:174:3)
    at router (/sandbox/server/node_modules/express/lib/router/index.js:47:12)
TypeError: Cannot read property 'username' of undefined
    at /sandbox/server/routes/Routing.js:8:36
    at Layer.handle [as handle_request] (/sandbox/server/node_modules/express/lib/router/layer.js:95:5)
    at next (/sandbox/server/node_modules/express/lib/router/route.js:137:13)
    at Route.dispatch (/sandbox/server/node_modules/express/lib/router/route.js:112:3)
    at Layer.handle [as handle_request] (/sandbox/server/node_modules/express/lib/router/layer.js:95:5)
    at /sandbox/server/node_modules/express/lib/router/index.js:281:22
    at Function.process_params (/sandbox/server/node_modules/express/lib/router/index.js:335:12)
    at next (/sandbox/server/node_modules/express/lib/router/index.js:275:10)
    at Function.handle (/sandbox/server/node_modules/express/lib/router/index.js:174:3)
    at router (/sandbox/server/node_modules/express/lib/router/index.js:47:12)
TypeError: Cannot read property 'username' of undefined
    at /sandbox/server/routes/Routing.js:8:36
    at Layer.handle [as handle_request] (/sandbox/server/node_modules/express/lib/router/layer.js:95:5)
    at next (/sandbox/server/node_modules/express/lib/router/route.js:137:13)
    at Route.dispatch (/sandbox/server/node_modules/express/lib/router/route.js:112:3)
    at Layer.handle [as handle_request] (/sandbox/server/node_modules/express/lib/router/layer.js:95:5)
    at /sandbox/server/node_modules/express/lib/router/index.js:281:22
    at Function.process_params (/sandbox/server/node_modules/express/lib/router/index.js:335:12)
    at next (/sandbox/server/node_modules/express/lib/router/index.js:275:10)
    at Function.handle (/sandbox/server/node_modules/express/lib/router/index.js:174:3)
    at router (/sandbox/server/node_modules/express/lib/router/index.js:47:12)
TypeError: Cannot read property 'username' of undefined
    at /sandbox/server/routes/Routing.js:8:36
    at Layer.handle [as handle_request] (/sandbox/server/node_modules/express/lib/router/layer.js:95:5)
    at next (/sandbox/server/node_modules/express/lib/router/route.js:137:13)
    at Route.dispatch (/sandbox/server/node_modules/express/lib/router/route.js:112:3)
    at Layer.handle [as handle_request] (/sandbox/server/node_modules/express/lib/router/layer.js:95:5)
    at /sandbox/server/node_modules/express/lib/router/index.js:281:22
    at Function.process_params (/sandbox/server/node_modules/express/lib/router/index.js:335:12)
    at next (/sandbox/server/node_modules/express/lib/router/index.js:275:10)
    at Function.handle (/sandbox/server/node_modules/express/lib/router/index.js:174:3)
    at router (/sandbox/server/node_modules/express/lib/router/index.js:47:12)
TypeError: Cannot read property 'username' of undefined
    at /sandbox/server/routes/Routing.js:8:36
    at Layer.handle [as handle_request] (/sandbox/server/node_modules/express/lib/router/layer.js:95:5)
    at next (/sandbox/server/node_modules/express/lib/router/route.js:137:13)
    at Route.dispatch (/sandbox/server/node_modules/express/lib/router/route.js:112:3)
    at Layer.handle [as handle_request] (/sandbox/server/node_modules/express/lib/router/layer.js:95:5)
    at /sandbox/server/node_modules/express/lib/router/index.js:281:22
    at Function.process_params (/sandbox/server/node_modules/express/lib/router/index.js:335:12)
    at next (/sandbox/server/node_modules/express/lib/router/index.js:275:10)
    at Function.handle (/sandbox/server/node_modules/express/lib/router/index.js:174:3)
    at router (/sandbox/server/node_modules/express/lib/router/index.js:47:12)
TypeError: Cannot read property 'username' of undefined
    at /sandbox/server/routes/Routing.js:8:36
    at Layer.handle [as handle_request] (/sandbox/server/node_modules/express/lib/router/layer.js:95:5)
    at next (/sandbox/server/node_modules/express/lib/router/route.js:137:13)
    at Route.dispatch (/sandbox/server/node_modules/express/lib/router/route.js:112:3)
    at Layer.handle [as handle_request] (/sandbox/server/node_modules/express/lib/router/layer.js:95:5)
    at /sandbox/server/node_modules/express/lib/router/index.js:281:22
    at Function.process_params (/sandbox/server/node_modules/express/lib/router/index.js:335:12)
    at next (/sandbox/server/node_modules/express/lib/router/index.js:275:10)
    at Function.handle (/sandbox/server/node_modules/express/lib/router/index.js:174:3)
    at router (/sandbox/server/node_modules/express/lib/router/index.js:47:12)
TypeError: Cannot read property 'username' of undefined
    at /sandbox/server/routes/Routing.js:8:36
    at Layer.handle [as handle_request] (/sandbox/server/node_modules/express/lib/router/layer.js:95:5)
    at next (/sandbox/server/node_modules/express/lib/router/route.js:137:13)
    at Route.dispatch (/sandbox/server/node_modules/express/lib/router/route.js:112:3)
    at Layer.handle [as handle_request] (/sandbox/server/node_modules/express/lib/router/layer.js:95:5)
    at /sandbox/server/node_modules/express/lib/router/index.js:281:22
    at Function.process_params (/sandbox/server/node_modules/express/lib/router/index.js:335:12)
    at next (/sandbox/server/node_modules/express/lib/router/index.js:275:10)
    at Function.handle (/sandbox/server/node_modules/express/lib/router/index.js:174:3)
    at router (/sandbox/server/node_modules/express/lib/router/index.js:47:12)
TypeError: Cannot read property 'username' of undefined
    at /sandbox/server/routes/Routing.js:8:36
    at Layer.handle [as handle_request] (/sandbox/server/node_modules/express/lib/router/layer.js:95:5)
    at next (/sandbox/server/node_modules/express/lib/router/route.js:137:13)
    at Route.dispatch (/sandbox/server/node_modules/express/lib/router/route.js:112:3)
    at Layer.handle [as handle_request] (/sandbox/server/node_modules/express/lib/router/layer.js:95:5)
    at /sandbox/server/node_modules/express/lib/router/index.js:281:22
    at Function.process_params (/sandbox/server/node_modules/express/lib/router/index.js:335:12)
    at next (/sandbox/server/node_modules/express/lib/router/index.js:275:10)
    at Function.handle (/sandbox/server/node_modules/express/lib/router/index.js:174:3)
    at router (/sandbox/server/node_modules/express/lib/router/index.js:47:12)
TypeError: Cannot read property 'username' of undefined
    at /sandbox/server/routes/Routing.js:8:36
    at Layer.handle [as handle_request] (/sandbox/server/node_modules/express/lib/router/layer.js:95:5)
    at next (/sandbox/server/node_modules/express/lib/router/route.js:137:13)
    at Route.dispatch (/sandbox/server/node_modules/express/lib/router/route.js:112:3)
    at Layer.handle [as handle_request] (/sandbox/server/node_modules/express/lib/router/layer.js:95:5)
    at /sandbox/server/node_modules/express/lib/router/index.js:281:22
    at Function.process_params (/sandbox/server/node_modules/express/lib/router/index.js:335:12)
    at next (/sandbox/server/node_modules/express/lib/router/index.js:275:10)
    at Function.handle (/sandbox/server/node_modules/express/lib/router/index.js:174:3)
    at router (/sandbox/server/node_modules/express/lib/router/index.js:47:12)
TypeError: Cannot read property 'username' of undefined
    at /sandbox/server/routes/Routing.js:8:36
    at Layer.handle [as handle_request] (/sandbox/server/node_modules/express/lib/router/layer.js:95:5)
    at next (/sandbox/server/node_modules/express/lib/router/route.js:137:13)
    at Route.dispatch (/sandbox/server/node_modules/express/lib/router/route.js:112:3)
    at Layer.handle [as handle_request] (/sandbox/server/node_modules/express/lib/router/layer.js:95:5)
    at /sandbox/server/node_modules/express/lib/router/index.js:281:22
    at Function.process_params (/sandbox/server/node_modules/express/lib/router/index.js:335:12)
    at next (/sandbox/server/node_modules/express/lib/router/index.js:275:10)
    at Function.handle (/sandbox/server/node_modules/express/lib/router/index.js:174:3)
    at router (/sandbox/server/node_modules/express/lib/router/index.js:47:12)
TypeError: Cannot read property 'username' of undefined
    at /sandbox/server/routes/Routing.js:8:36
    at Layer.handle [as handle_request] (/sandbox/server/node_modules/express/lib/router/layer.js:95:5)
    at next (/sandbox/server/node_modules/express/lib/router/route.js:137:13)
    at Route.dispatch (/sandbox/server/node_modules/express/lib/router/route.js:112:3)
    at Layer.handle [as handle_request] (/sandbox/server/node_modules/express/lib/router/layer.js:95:5)
    at /sandbox/server/node_modules/express/lib/router/index.js:281:22
    at Function.process_params (/sandbox/server/node_modules/express/lib/router/index.js:335:12)
    at next (/sandbox/server/node_modules/express/lib/router/index.js:275:10)
    at Function.handle (/sandbox/server/node_modules/express/lib/router/index.js:174:3)
    at router (/sandbox/server/node_modules/express/lib/router/index.js:47:12)
TypeError: Cannot read property 'username' of undefined
    at /sandbox/server/routes/Routing.js:8:36
    at Layer.handle [as handle_request] (/sandbox/server/node_modules/express/lib/router/layer.js:95:5)
    at next (/sandbox/server/node_modules/express/lib/router/route.js:137:13)
    at Route.dispatch (/sandbox/server/node_modules/express/lib/router/route.js:112:3)
    at Layer.handle [as handle_request] (/sandbox/server/node_modules/express/lib/router/layer.js:95:5)
    at /sandbox/server/node_modules/express/lib/router/index.js:281:22
    at Function.process_params (/sandbox/server/node_modules/express/lib/router/index.js:335:12)
    at next (/sandbox/server/node_modules/express/lib/router/index.js:275:10)
    at Function.handle (/sandbox/server/node_modules/express/lib/router/index.js:174:3)
    at router (/sandbox/server/node_modules/express/lib/router/index.js:47:12)
TypeError: Cannot read property 'username' of undefined
    at /sandbox/server/routes/Routing.js:8:36
    at Layer.handle [as handle_request] (/sandbox/server/node_modules/express/lib/router/layer.js:95:5)
    at next (/sandbox/server/node_modules/express/lib/router/route.js:137:13)
    at Route.dispatch (/sandbox/server/node_modules/express/lib/router/route.js:112:3)
    at Layer.handle [as handle_request] (/sandbox/server/node_modules/express/lib/router/layer.js:95:5)
    at /sandbox/server/node_modules/express/lib/router/index.js:281:22
    at Function.process_params (/sandbox/server/node_modules/express/lib/router/index.js:335:12)
    at next (/sandbox/server/node_modules/express/lib/router/index.js:275:10)
    at Function.handle (/sandbox/server/node_modules/express/lib/router/index.js:174:3)
    at router (/sandbox/server/node_modules/express/lib/router/index.js:47:12)
TypeError: Cannot read property 'username' of undefined
    at /sandbox/server/routes/Routing.js:8:36
    at Layer.handle [as handle_request] (/sandbox/server/node_modules/express/lib/router/layer.js:95:5)
    at next (/sandbox/server/node_modules/express/lib/router/route.js:137:13)
    at Route.dispatch (/sandbox/server/node_modules/express/lib/router/route.js:112:3)
    at Layer.handle [as handle_request] (/sandbox/server/node_modules/express/lib/router/layer.js:95:5)
    at /sandbox/server/node_modules/express/lib/router/index.js:281:22
    at Function.process_params (/sandbox/server/node_modules/express/lib/router/index.js:335:12)
    at next (/sandbox/server/node_modules/express/lib/router/index.js:275:10)
    at Function.handle (/sandbox/server/node_modules/express/lib/router/index.js:174:3)
    at router (/sandbox/server/node_modules/express/lib/router/index.js:47:12)
TypeError: Cannot read property 'username' of undefined
    at /sandbox/server/routes/Routing.js:8:36
    at Layer.handle [as handle_request] (/sandbox/server/node_modules/express/lib/router/layer.js:95:5)
    at next (/sandbox/server/node_modules/express/lib/router/route.js:137:13)
    at Route.dispatch (/sandbox/server/node_modules/express/lib/router/route.js:112:3)
    at Layer.handle [as handle_request] (/sandbox/server/node_modules/express/lib/router/layer.js:95:5)
    at /sandbox/server/node_modules/express/lib/router/index.js:281:22
    at Function.process_params (/sandbox/server/node_modules/express/lib/router/index.js:335:12)
    at next (/sandbox/server/node_modules/express/lib/router/index.js:275:10)
    at Function.handle (/sandbox/server/node_modules/express/lib/router/index.js:174:3)
    at router (/sandbox/server/node_modules/express/lib/router/index.js:47:12)
TypeError: Cannot read property 'username' of undefined
    at /sandbox/server/routes/Routing.js:8:36
    at Layer.handle [as handle_request] (/sandbox/server/node_modules/express/lib/router/layer.js:95:5)
    at next (/sandbox/server/node_modules/express/lib/router/route.js:137:13)
    at Route.dispatch (/sandbox/server/node_modules/express/lib/router/route.js:112:3)
    at Layer.handle [as handle_request] (/sandbox/server/node_modules/express/lib/router/layer.js:95:5)
    at /sandbox/server/node_modules/express/lib/router/index.js:281:22
    at Function.process_params (/sandbox/server/node_modules/express/lib/router/index.js:335:12)
    at next (/sandbox/server/node_modules/express/lib/router/index.js:275:10)
    at Function.handle (/sandbox/server/node_modules/express/lib/router/index.js:174:3)
    at router (/sandbox/server/node_modules/express/lib/router/index.js:47:12)
TypeError: Cannot read property 'username' of undefined
    at /sandbox/server/routes/Routing.js:8:36
    at Layer.handle [as handle_request] (/sandbox/server/node_modules/express/lib/router/layer.js:95:5)
    at next (/sandbox/server/node_modules/express/lib/router/route.js:137:13)
    at Route.dispatch (/sandbox/server/node_modules/express/lib/router/route.js:112:3)
    at Layer.handle [as handle_request] (/sandbox/server/node_modules/express/lib/router/layer.js:95:5)
    at /sandbox/server/node_modules/express/lib/router/index.js:281:22
    at Function.process_params (/sandbox/server/node_modules/express/lib/router/index.js:335:12)
    at next (/sandbox/server/node_modules/express/lib/router/index.js:275:10)
    at Function.handle (/sandbox/server/node_modules/express/lib/router/index.js:174:3)
    at router (/sandbox/server/node_modules/express/lib/router/index.js:47:12)
TypeError: Cannot read property 'username' of undefined
    at /sandbox/server/routes/Routing.js:8:36
    at Layer.handle [as handle_request] (/sandbox/server/node_modules/express/lib/router/layer.js:95:5)
    at next (/sandbox/server/node_modules/express/lib/router/route.js:137:13)
    at Route.dispatch (/sandbox/server/node_modules/express/lib/router/route.js:112:3)
    at Layer.handle [as handle_request] (/sandbox/server/node_modules/express/lib/router/layer.js:95:5)
    at /sandbox/server/node_modules/express/lib/router/index.js:281:22
    at Function.process_params (/sandbox/server/node_modules/express/lib/router/index.js:335:12)
    at next (/sandbox/server/node_modules/express/lib/router/index.js:275:10)
    at Function.handle (/sandbox/server/node_modules/express/lib/router/index.js:174:3)
    at router (/sandbox/server/node_modules/express/lib/router/index.js:47:12)
TypeError: Cannot read property 'username' of undefined
    at /sandbox/server/routes/Routing.js:8:36
    at Layer.handle [as handle_request] (/sandbox/server/node_modules/express/lib/router/layer.js:95:5)
    at next (/sandbox/server/node_modules/express/lib/router/route.js:137:13)
    at Route.dispatch (/sandbox/server/node_modules/express/lib/router/route.js:112:3)
    at Layer.handle [as handle_request] (/sandbox/server/node_modules/express/lib/router/layer.js:95:5)
    at /sandbox/server/node_modules/express/lib/router/index.js:281:22
    at Function.process_params (/sandbox/server/node_modules/express/lib/router/index.js:335:12)
    at next (/sandbox/server/node_modules/express/lib/router/index.js:275:10)
    at Function.handle (/sandbox/server/node_modules/express/lib/router/index.js:174:3)
    at router (/sandbox/server/node_modules/express/lib/router/index.js:47:12)
TypeError: Cannot read property 'username' of undefined
    at /sandbox/server/routes/Routing.js:8:36
    at Layer.handle [as handle_request] (/sandbox/server/node_modules/express/lib/router/layer.js:95:5)
    at next (/sandbox/server/node_modules/express/lib/router/route.js:137:13)
    at Route.dispatch (/sandbox/server/node_modules/express/lib/router/route.js:112:3)
    at Layer.handle [as handle_request] (/sandbox/server/node_modules/express/lib/router/layer.js:95:5)
    at /sandbox/server/node_modules/express/lib/router/index.js:281:22
    at Function.process_params (/sandbox/server/node_modules/express/lib/router/index.js:335:12)
    at next (/sandbox/server/node_modules/express/lib/router/index.js:275:10)
    at Function.handle (/sandbox/server/node_modules/express/lib/router/index.js:174:3)
    at router (/sandbox/server/node_modules/express/lib/router/index.js:47:12)
TypeError: Cannot read property 'username' of undefined
    at /sandbox/server/routes/Routing.js:8:36
    at Layer.handle [as handle_request] (/sandbox/server/node_modules/express/lib/router/layer.js:95:5)
    at next (/sandbox/server/node_modules/express/lib/router/route.js:137:13)
    at Route.dispatch (/sandbox/server/node_modules/express/lib/router/route.js:112:3)
    at Layer.handle [as handle_request] (/sandbox/server/node_modules/express/lib/router/layer.js:95:5)
    at /sandbox/server/node_modules/express/lib/router/index.js:281:22
    at Function.process_params (/sandbox/server/node_modules/express/lib/router/index.js:335:12)
    at next (/sandbox/server/node_modules/express/lib/router/index.js:275:10)
    at Function.handle (/sandbox/server/node_modules/express/lib/router/index.js:174:3)
    at router (/sandbox/server/node_modules/express/lib/router/index.js:47:12)
