Thu Sep 16 2021 05:16:55 GMT+0000 (Coordinated Universal Time)
---
req.ips: 
---
req.method: POST
---
req.url: /login
---
req.body: undefined
---
req.params: {}
---
Thu Sep 16 2021 05:17:54 GMT+0000 (Coordinated Universal Time)
---
req.ips: 
---
req.method: POST
---
req.url: /login
---
req.body: {"username":"admin","password":"admin@123"}
---
req.params: {}
---
Thu Sep 16 2021 05:19:32 GMT+0000 (Coordinated Universal Time)
---
req.ips: 
---
req.method: POST
---
req.url: /login
---
req.body: {"username":"admin","password":"admin@123"}
---
req.params: {}
---
Thu Sep 16 2021 05:22:45 GMT+0000 (Coordinated Universal Time)
---
req.ips: 
---
req.method: POST
---
req.url: /login
---
req.body: {"username":"admin","password":"admin@123"}
---
req.params: {}
---
Thu Sep 16 2021 05:24:43 GMT+0000 (Coordinated Universal Time)
---
req.ips: 
---
req.method: POST
---
req.url: /login
---
req.body: {"username":"admin","password":"admin@123"}
---
req.params: {}
---
Thu Sep 16 2021 05:25:32 GMT+0000 (Coordinated Universal Time)
---
req.ips: 
---
req.method: GET
---
req.url: /getallEmployee
---
req.body: {}
---
req.params: {}
---
Thu Sep 16 2021 05:26:10 GMT+0000 (Coordinated Universal Time)
---
req.ips: 
---
req.method: GET
---
req.url: /getallEmployee
---
req.body: {}
---
req.params: {}
---
Thu Sep 16 2021 21:33:36 GMT+0000 (Coordinated Universal Time)
---
req.ips: 
---
req.method: POST
---
req.url: /api/login
---
req.body: {"username":"admin","password":"admin@123"}
---
req.params: {}
---
Thu Sep 16 2021 21:34:19 GMT+0000 (Coordinated Universal Time)
---
req.ips: 
---
req.method: POST
---
req.url: /api/login
---
req.body: {"username":"admin","password":"admin@123"}
---
req.params: {}
---
Thu Sep 16 2021 23:57:57 GMT+0000 (Coordinated Universal Time)
---
req.ips: 
---
req.method: GET
---
req.url: /
---
req.body: {}
---
req.params: {}
---
Fri Sep 17 2021 00:00:10 GMT+0000 (Coordinated Universal Time)
---
req.ips: 
---
req.method: GET
---
req.url: /login
---
req.body: {}
---
req.params: {}
---
Fri Sep 17 2021 03:44:41 GMT+0000 (Coordinated Universal Time)
---
req.ips: 
---
req.method: GET
---
req.url: /
---
req.body: {}
---
req.params: {}
---
